<?xml version="1.0" encoding="UTF-8"?>
<testsuite xmlns:xsi="http://www.w3.org/2001/XMLSchema-instance" xsi:noNamespaceSchemaLocation="https://maven.apache.org/surefire/maven-surefire-plugin/xsd/surefire-test-report-3.0.xsd" version="3.0" name="Parallel.ParallelRun" time="15.114" tests="6" errors="0" skipped="0" failures="1">
  <properties>
[...]
</properties>
  <testcase name="runScenario[&quot;Verifies Create Account form&quot;, &quot;Login Page Testing&quot;](1)" classname="Parallel.ParallelRun" time="9.713">
    <system-out><![CDATA[
Scenario: Verifies Create Account form   &amp#27;[90m# src/test/resources/Parallel/loginpage.feature:12&amp#27;[0m

Scenario: verifying the LoginPage                    &amp#27;[90m# src/test/resources/Parallel/loginpage.feature:3&amp#27;[0m

Scenario: verifies the page Title                         &amp#27;[90m# src/test/resources/Parallel/AccountPage.feature:8&amp#27;[0m

Scenario: User logs in with the correct credentials           &amp#27;[90m# src/test/resources/Parallel/loginpage.feature:16&amp#27;[0m

Scenario: Verifies the availability of buttons                         &amp#27;[90m# src/test/resources/Parallel/AccountPage.feature:13&amp#27;[0m

Scenario: Verifies Forgot Password link       &amp#27;[90m# src/test/resources/Parallel/loginpage.feature:8&amp#27;[0m
Browser name is: chrome
Browser name is: chrome
Browser name is: chrome
Browser name is: chrome
Browser name is: chrome
Browser name is: chrome
  &amp#27;[32mGiven &amp#27;[0m&amp#27;[32mUser is on the Login Page&amp#27;[0m        &amp#27;[90m# Parallel.loginPageSteps.user_is_on_the_login_page()&amp#27;[0m
  &amp#27;[32mGiven &amp#27;[0m&amp#27;[32mUser is on the Login Page&amp#27;[0m             &amp#27;[90m# Parallel.loginPageSteps.user_is_on_the_login_page()&amp#27;[0m
  &amp#27;[32mThen &amp#27;[0m&amp#27;[32mUser verifies Create account form&amp#27;[0m &amp#27;[90m# Parallel.loginPageSteps.user_verifies_create_account_form()&amp#27;[0m
  &amp#27;[31mThen &amp#27;[0m&amp#27;[31mUser Verifies the Forgot Password link&amp#27;[0m &amp#27;[90m# Parallel.loginPageSteps.user_verifies_the_forgot_password_link()&amp#27;[0m
      &amp#27;[31morg.openqa.selenium.NoSuchElementException: no such element: Unable to locate element: {"method":"xpath","selector":"//a[text() = 'Forgot your password?hh']"}
  (Session info: chrome=123.0.6312.122)
For documentation on this error, please visit: https://www.selenium.dev/documentation/webdriver/troubleshooting/errors#no-such-element-exception
Build info: version: '4.19.1', revision: 'abe0ee07dc'
System info: os.name: 'Windows 11', os.arch: 'amd64', os.version: '10.0', java.version: '17.0.4.1'
Driver info: org.openqa.selenium.chrome.ChromeDriver
Command: [d2c81082cd458bcbbd8962cbf3bf455f, findElement {using=xpath, value=//a[text() = 'Forgot your password?hh']}]
Capabilities {acceptInsecureCerts: false, browserName: chrome, browserVersion: 123.0.6312.122, chrome: {chromedriverVersion: 123.0.6312.122 (31f8248cdd9..., userDataDir: C:\Users\91938\AppData\Loca...}, fedcm:accounts: true, goog:chromeOptions: {debuggerAddress: localhost:50290}, networkConnectionEnabled: false, pageLoadStrategy: normal, platformName: windows, proxy: Proxy(), se:cdp: ws://localhost:50290/devtoo..., se:cdpVersion: 123.0.6312.122, setWindowRect: true, strictFileInteractability: false, timeouts: {implicit: 0, pageLoad: 300000, script: 30000}, unhandledPromptBehavior: dismiss and notify, webauthn:extension:credBlob: true, webauthn:extension:largeBlob: true, webauthn:extension:minPinLength: true, webauthn:extension:prf: true, webauthn:virtualAuthenticators: true}
Session ID: d2c81082cd458bcbbd8962cbf3bf455f
	at java.base/jdk.internal.reflect.NativeConstructorAccessorImpl.newInstance0(Native Method)
	at java.base/jdk.internal.reflect.NativeConstructorAccessorImpl.newInstance(NativeConstructorAccessorImpl.java:77)
	at java.base/jdk.internal.reflect.DelegatingConstructorAccessorImpl.newInstance(DelegatingConstructorAccessorImpl.java:45)
	at java.base/java.lang.reflect.Constructor.newInstanceWithCaller(Constructor.java:499)
	at java.base/java.lang.reflect.Constructor.newInstance(Constructor.java:480)
	at org.openqa.selenium.remote.ErrorCodec.decode(ErrorCodec.java:167)
	at org.openqa.selenium.remote.codec.w3c.W3CHttpResponseCodec.decode(W3CHttpResponseCodec.java:138)
	at org.openqa.selenium.remote.codec.w3c.W3CHttpResponseCodec.decode(W3CHttpResponseCodec.java:50)
	at org.openqa.selenium.remote.HttpCommandExecutor.execute(HttpCommandExecutor.java:190)
	at org.openqa.selenium.remote.service.DriverCommandExecutor.invokeExecute(DriverCommandExecutor.java:216)
	at org.openqa.selenium.remote.service.DriverCommandExecutor.execute(DriverCommandExecutor.java:174)
	at org.openqa.selenium.remote.RemoteWebDriver.execute(RemoteWebDriver.java:518)
	at org.openqa.selenium.remote.ElementLocation$ElementFinder$2.findElement(ElementLocation.java:165)
	at org.openqa.selenium.remote.ElementLocation.findElement(ElementLocation.java:59)
	at org.openqa.selenium.remote.RemoteWebDriver.findElement(RemoteWebDriver.java:355)
	at org.openqa.selenium.remote.RemoteWebDriver.findElement(RemoteWebDriver.java:349)
	at com.pages.LoginPage.forgotPwdLinkExists(LoginPage.java:40)
	at Parallel.loginPageSteps.user_verifies_the_forgot_password_link(loginPageSteps.java:36)
	at âœ½.User Verifies the Forgot Password link(file:///C:/Users/91938/eclipse-workspace/CucumberPOMseries/src/test/resources/Parallel/loginpage.feature:10)
&amp#27;[0m
  &amp#27;[32mGiven &amp#27;[0m&amp#27;[32mUser is on the Login Page&amp#27;[0m                             &amp#27;[90m# Parallel.loginPageSteps.user_is_on_the_login_page()&amp#27;[0m

    Embedding Verifies_Forgot_Password_link [image/png 109911 bytes]

  &amp#27;[32mWhen &amp#27;[0m&amp#27;[32muser enters the Username &amp#27;[0m&amp#27;[32m&amp#27;[1m"rajbilieber.k3011@gmail.com"&amp#27;[0m &amp#27;[90m# Parallel.loginPageSteps.user_enters_the_username(java.lang.String)&amp#27;[0m
  &amp#27;[32mGiven &amp#27;[0m&amp#27;[32mUser is on the Login Page&amp#27;[0m                    &amp#27;[90m# Parallel.loginPageSteps.user_is_on_the_login_page()&amp#27;[0m
]]></system-out>
    <system-err><![CDATA[SLF4J: Failed to load class "org.slf4j.impl.StaticLoggerBinder".
SLF4J: Defaulting to no-operation (NOP) logger implementation
SLF4J: See http://www.slf4j.org/codes.html#StaticLoggerBinder for further details.
]]></system-err>
  </testcase>
  <testcase name="runScenario[&quot;verifying the LoginPage&quot;, &quot;Login Page Testing&quot;](2)" classname="Parallel.ParallelRun" time="10.376">
    <system-out><![CDATA[Title of the page is: Login - My Shop
  &amp#27;[32mWhen &amp#27;[0m&amp#27;[32mUser verifies the title of the page&amp#27;[0m           &amp#27;[90m# Parallel.loginPageSteps.user_verifies_the_title_of_the_login_page()&amp#27;[0m
  &amp#27;[32mThen &amp#27;[0m&amp#27;[32mTitle of the Page should be &amp#27;[0m&amp#27;[32m&amp#27;[1m"Login - My Shop"&amp#27;[0m &amp#27;[90m# Parallel.loginPageSteps.title_of_the_page_should_be(java.lang.String)&amp#27;[0m
  &amp#27;[32mAnd &amp#27;[0m&amp#27;[32mthe password as &amp#27;[0m&amp#27;[32m&amp#27;[1m"Iamrajuk@1234"&amp#27;[0m                         &amp#27;[90m# Parallel.loginPageSteps.the_password_as(java.lang.String)&amp#27;[0m
]]></system-out>
  </testcase>
  <testcase name="runScenario[&quot;Verifies Forgot Password link&quot;, &quot;Login Page Testing&quot;](3)" classname="Parallel.ParallelRun" time="10.478">
    <failure message="no such element: Unable to locate element: {&quot;method&quot;:&quot;xpath&quot;,&quot;selector&quot;:&quot;//a[text() = &apos;Forgot your password?hh&apos;]&quot;}&#10;  (Session info: chrome=123.0.6312.122)&#10;For documentation on this error, please visit: https://www.selenium.dev/documentation/webdriver/troubleshooting/errors#no-such-element-exception&#10;Build info: version: &apos;4.19.1&apos;, revision: &apos;abe0ee07dc&apos;&#10;System info: os.name: &apos;Windows 11&apos;, os.arch: &apos;amd64&apos;, os.version: &apos;10.0&apos;, java.version: &apos;17.0.4.1&apos;&#10;Driver info: org.openqa.selenium.chrome.ChromeDriver&#10;Command: [d2c81082cd458bcbbd8962cbf3bf455f, findElement {using=xpath, value=//a[text() = &apos;Forgot your password?hh&apos;]}]&#10;Capabilities {acceptInsecureCerts: false, browserName: chrome, browserVersion: 123.0.6312.122, chrome: {chromedriverVersion: 123.0.6312.122 (31f8248cdd9..., userDataDir: C:\Users\91938\AppData\Loca...}, fedcm:accounts: true, goog:chromeOptions: {debuggerAddress: localhost:50290}, networkConnectionEnabled: false, pageLoadStrategy: normal, platformName: windows, proxy: Proxy(), se:cdp: ws://localhost:50290/devtoo..., se:cdpVersion: 123.0.6312.122, setWindowRect: true, strictFileInteractability: false, timeouts: {implicit: 0, pageLoad: 300000, script: 30000}, unhandledPromptBehavior: dismiss and notify, webauthn:extension:credBlob: true, webauthn:extension:largeBlob: true, webauthn:extension:minPinLength: true, webauthn:extension:prf: true, webauthn:virtualAuthenticators: true}&#10;Session ID: d2c81082cd458bcbbd8962cbf3bf455f" type="org.openqa.selenium.NoSuchElementException"><![CDATA[org.openqa.selenium.NoSuchElementException: 
no such element: Unable to locate element: {"method":"xpath","selector":"//a[text() = 'Forgot your password?hh']"}
  (Session info: chrome=123.0.6312.122)
For documentation on this error, please visit: https://www.selenium.dev/documentation/webdriver/troubleshooting/errors#no-such-element-exception
Build info: version: '4.19.1', revision: 'abe0ee07dc'
System info: os.name: 'Windows 11', os.arch: 'amd64', os.version: '10.0', java.version: '17.0.4.1'
Driver info: org.openqa.selenium.chrome.ChromeDriver
Command: [d2c81082cd458bcbbd8962cbf3bf455f, findElement {using=xpath, value=//a[text() = 'Forgot your password?hh']}]
Capabilities {acceptInsecureCerts: false, browserName: chrome, browserVersion: 123.0.6312.122, chrome: {chromedriverVersion: 123.0.6312.122 (31f8248cdd9..., userDataDir: C:\Users\91938\AppData\Loca...}, fedcm:accounts: true, goog:chromeOptions: {debuggerAddress: localhost:50290}, networkConnectionEnabled: false, pageLoadStrategy: normal, platformName: windows, proxy: Proxy(), se:cdp: ws://localhost:50290/devtoo..., se:cdpVersion: 123.0.6312.122, setWindowRect: true, strictFileInteractability: false, timeouts: {implicit: 0, pageLoad: 300000, script: 30000}, unhandledPromptBehavior: dismiss and notify, webauthn:extension:credBlob: true, webauthn:extension:largeBlob: true, webauthn:extension:minPinLength: true, webauthn:extension:prf: true, webauthn:virtualAuthenticators: true}
Session ID: d2c81082cd458bcbbd8962cbf3bf455f
	at java.base/jdk.internal.reflect.NativeConstructorAccessorImpl.newInstance0(Native Method)
	at java.base/jdk.internal.reflect.NativeConstructorAccessorImpl.newInstance(NativeConstructorAccessorImpl.java:77)
	at java.base/jdk.internal.reflect.DelegatingConstructorAccessorImpl.newInstance(DelegatingConstructorAccessorImpl.java:45)
	at java.base/java.lang.reflect.Constructor.newInstanceWithCaller(Constructor.java:499)
	at java.base/java.lang.reflect.Constructor.newInstance(Constructor.java:480)
	at org.openqa.selenium.remote.ErrorCodec.decode(ErrorCodec.java:167)
	at org.openqa.selenium.remote.codec.w3c.W3CHttpResponseCodec.decode(W3CHttpResponseCodec.java:138)
	at org.openqa.selenium.remote.codec.w3c.W3CHttpResponseCodec.decode(W3CHttpResponseCodec.java:50)
	at org.openqa.selenium.remote.HttpCommandExecutor.execute(HttpCommandExecutor.java:190)
	at org.openqa.selenium.remote.service.DriverCommandExecutor.invokeExecute(DriverCommandExecutor.java:216)
	at org.openqa.selenium.remote.service.DriverCommandExecutor.execute(DriverCommandExecutor.java:174)
	at org.openqa.selenium.remote.RemoteWebDriver.execute(RemoteWebDriver.java:518)
	at org.openqa.selenium.remote.ElementLocation$ElementFinder$2.findElement(ElementLocation.java:165)
	at org.openqa.selenium.remote.ElementLocation.findElement(ElementLocation.java:59)
	at org.openqa.selenium.remote.RemoteWebDriver.findElement(RemoteWebDriver.java:355)
	at org.openqa.selenium.remote.RemoteWebDriver.findElement(RemoteWebDriver.java:349)
	at com.pages.LoginPage.forgotPwdLinkExists(LoginPage.java:40)
	at Parallel.loginPageSteps.user_verifies_the_forgot_password_link(loginPageSteps.java:36)
	at ✽.User Verifies the Forgot Password link(file:///C:/Users/91938/eclipse-workspace/CucumberPOMseries/src/test/resources/Parallel/loginpage.feature:10)
]]></failure>
  </testcase>
  <testcase name="runScenario[&quot;Verifies the availability of buttons&quot;, &quot;Account page test/Post login page&quot;](4)" classname="Parallel.ParallelRun" time="10.926">
    <system-out><![CDATA[  &amp#27;[32mGiven &amp#27;[0m&amp#27;[32mUser logs into the Account Page&amp#27;[0m                                &amp#27;[90m# Parallel.AccountsPageSteps.user_logs_into_the_account_page(io.cucumber.datatable.DataTable)&amp#27;[0m
    | username                    | password      |
    | rajbilieber.k3011@gmail.com | Iamrajuk@1234 |
  &amp#27;[32mGiven &amp#27;[0m&amp#27;[32mUser is on Accounts Page&amp#27;[0m                                       &amp#27;[90m# Parallel.AccountsPageSteps.user_is_on_accounts_page()&amp#27;[0m
Expected accounts list is: [ADD MY FIRST ADDRESS, ORDER HISTORY AND DETAILS, MY CREDIT SLIPS, MY ADDRESSES, MY PERSONAL INFORMATION, Home]
Actual accounts list is: [ADD MY FIRST ADDRESS, ORDER HISTORY AND DETAILS, MY CREDIT SLIPS, MY ADDRESSES, MY PERSONAL INFORMATION, Home]
  &amp#27;[32mThen &amp#27;[0m&amp#27;[32mUser check for the availability of these links on accounts page&amp#27;[0m &amp#27;[90m# Parallel.AccountsPageSteps.user_check_for_the_availability_of_these_links_on_accounts_page(io.cucumber.datatable.DataTable)&amp#27;[0m
    | ADD MY FIRST ADDRESS      |
    | ORDER HISTORY AND DETAILS |
    | MY CREDIT SLIPS           |
    | MY ADDRESSES              |
    | MY PERSONAL INFORMATION   |
    | Home                      |
]]></system-out>
  </testcase>
  <testcase name="runScenario[&quot;verifies the page Title&quot;, &quot;Account page test/Post login page&quot;](5)" classname="Parallel.ParallelRun" time="11.488">
    <system-out><![CDATA[  &amp#27;[32mGiven &amp#27;[0m&amp#27;[32mUser logs into the Account Page&amp#27;[0m                   &amp#27;[90m# Parallel.AccountsPageSteps.user_logs_into_the_account_page(io.cucumber.datatable.DataTable)&amp#27;[0m
    | username                    | password      |
    | rajbilieber.k3011@gmail.com | Iamrajuk@1234 |
  &amp#27;[32mGiven &amp#27;[0m&amp#27;[32mUser is on Accounts Page&amp#27;[0m                          &amp#27;[90m# Parallel.AccountsPageSteps.user_is_on_accounts_page()&amp#27;[0m
Title of the page is: My account - My Shop
  &amp#27;[32mWhen &amp#27;[0m&amp#27;[32mUser verifies the title of the page&amp#27;[0m                &amp#27;[90m# Parallel.loginPageSteps.user_verifies_the_title_of_the_login_page()&amp#27;[0m
  &amp#27;[32mThen &amp#27;[0m&amp#27;[32mTitle of the Page should be &amp#27;[0m&amp#27;[32m&amp#27;[1m"My account - My Shop"&amp#27;[0m &amp#27;[90m# Parallel.loginPageSteps.title_of_the_page_should_be(java.lang.String)&amp#27;[0m
]]></system-out>
  </testcase>
  <testcase name="runScenario[&quot;User logs in with the correct credentials&quot;, &quot;Login Page Testing&quot;](6)" classname="Parallel.ParallelRun" time="11.874">
    <system-out><![CDATA[  &amp#27;[32mAnd &amp#27;[0m&amp#27;[32mclicks on the login button&amp#27;[0m                              &amp#27;[90m# Parallel.loginPageSteps.clicks_on_the_login_button()&amp#27;[0m
Title of the page is: My account - My Shop
  &amp#27;[32mThen &amp#27;[0m&amp#27;[32mUser verifies the title of the page&amp#27;[0m                    &amp#27;[90m# Parallel.loginPageSteps.user_verifies_the_title_of_the_login_page()&amp#27;[0m
  &amp#27;[32mAnd &amp#27;[0m&amp#27;[32mTitle of the Page should be &amp#27;[0m&amp#27;[32m&amp#27;[1m"My account - My Shop"&amp#27;[0m      &amp#27;[90m# Parallel.loginPageSteps.title_of_the_page_should_be(java.lang.String)&amp#27;[0m
]]></system-out>
  </testcase>
</testsuite>